1549296013503	mozrunner::runner	INFO	Running command: "C:\\Program Files\\Mozilla Firefox\\firefox.exe" "-marionette" "-foreground" "-no-remote" "-profile" "C:\\Users\\24312\\AppData\\Local\\Temp\\rust_mozprofile.EOYQxTbdqD4U"
1549296014129	addons.webextension.screenshots@mozilla.org	WARN	Loading extension 'screenshots@mozilla.org': Reading manifest: Invalid host permission: resource://pdf.js/
1549296014129	addons.webextension.screenshots@mozilla.org	WARN	Loading extension 'screenshots@mozilla.org': Reading manifest: Invalid host permission: about:reader*
1549296015595	Marionette	INFO	Listening on port 65195
1549296015664	Marionette	WARN	TLS certificate errors will be ignored for this session
JavaScript warning: https://qzonestyle.gtimg.cn/qzone/v8/core/interface_mini.js, line 71: unreachable code after return statement
JavaScript warning: https://qzonestyle.gtimg.cn/qzone/v8/index/like.js, line 14: unreachable code after return statement
JavaScript warning: https://qzonestyle.gtimg.cn/qzone/photo/v7/js/common/qzone/common.js, line 4: unreachable code after return statement
JavaScript warning: https://qzonestyle.gtimg.cn/qzone/v8/animate/app_scroll.js, line 2: unreachable code after return statement
JavaScript warning: https://qzonestyle.gtimg.cn/qzone/v8/dress/weather.js, line 7: unreachable code after return statement
JavaScript warning: https://qzonestyle.gtimg.cn/qzone/photo/v7/js/common/qzone/common.js, line 4: unreachable code after return statement
JavaScript warning: https://qzonestyle.gtimg.cn/qzone/v8/index/like.js, line 14: unreachable code after return statement
JavaScript warning: https://qzonestyle.gtimg.cn/qzone/v8/core/interface_mini.js, line 71: unreachable code after return statement
JavaScript warning: https://qzonestyle.gtimg.cn/ac/qzfl/appclientlib.js, line 30: unreachable code after return statement
JavaScript warning: https://qzonestyle.gtimg.cn/qzone/v8/ic/ic_feeds_monitor.js, line 7: unreachable code after return statement
JavaScript warning: https://qzonestyle.gtimg.cn/qzone/v8/ic/videoManager/videoManager.js, line 10: unreachable code after return statement
[Parent 10116, Gecko_IOThread] WARNING: pipe error: 109: file z:/build/build/src/ipc/chromium/src/chrome/common/ipc_channel_win.cc, line 332
console.error: BroadcastService: 
  receivedBroadcastMessage: handler for
  remote-settings/monitor_changes
  threw error:
  Message: Error: Polling for changes failed: NetworkError when attempting to fetch resource..
  Stack:
    remoteSettingsFunction/remoteSettings.pollChanges@resource://services-settings/remote-settings.js:188:13

[Parent 10116, Gecko_IOThread] WARNING: pipe error: 109: file z:/build/build/src/ipc/chromium/src/chrome/common/ipc_channel_win.cc, line 332
[Parent 10116, Gecko_IOThread] WARNING: pipe error: 109: file z:/build/build/src/ipc/chromium/src/chrome/common/ipc_channel_win.cc, line 332
[Child 8056, Chrome_ChildThread] WARNING: pipe error: 109: file z:/build/build/src/ipc/chromium/src/chrome/common/ipc_channel_win.cc, line 332[Child 652, Chrome_ChildThread] WARNING: pipe error: 109: file z:/build/build/src/ipc/chromium/src/chrome/common/ipc_channel_win.cc, line 332

[Child 652[, Chr[Parent 10116, Gecko_IOThread] WARNING: pipe error: 109: file z:/build/build/src/ipc/chromium/src/chrome/common/ipc_channel_win.cc, line 332
1549296299727	Marionette	INFO	Stopped listening on port 65195

###!!! [Child][RunMessage] Error: Channel closing: too late to send/recv, messages will be lost

[G
###!!! [Child][MessageChannel::SendAndWait] Error: Channel error: cannot send/recv

